8051 Assembler           Version 1.00   06/08/121 04:46:09    Page 1
C:\Users\228al\Documents\GitHub\ComputerArchitecture\LAB8\Question3\Q3.A51



    1 0000 758920       MOV TMOD,#20H                   ;TIMER 1 MODE 2
    2 0003 758DF9       MOV TH1,#-7                     ;9600 BAUD
    3 0006 759840       MOV SCON,#40H                   ;REN enable, MODE 1
    4 0009 E587         MOV A, PCON
    5 000B D2E7         SETB ACC.7
    6 000D F587         MOV PCON, A
    7 000F D28E         SETB TR1                        ;start timer1
    8 0011              
    9 0011              
   10 0011                                              ;REN enable, MODE 0
   11 0011              HERE:
   12 0011 900026               MOV DPTR, #NUM
   13 0014              LOOP:
   14 0014 E4                   CLR A
   15 0015 93                   MOVC A, @A+DPTR
   16 0016 60F9                 JZ HERE
   17 0018 111E                 ACALL TRANS
   18 001A A3                   INC DPTR
   19 001B 020014               JMP LOOP
   20 001E              
   21 001E              TRANS:
   22 001E F599                 MOV SBUF, A
   23 0020              WAIT: 
   24 0020 3099FD               JNB TI,WAIT
   25 0023 C299                 CLR TI
   26 0025 22                   RET
   27 0026              
   28 0026 31 35 2C     NUM:    DB '15, 68, ',0
      0029 20 36 38
      002C 2C 20 00
   29 002F              
   30 002F              LOOK_UP:                        ; hexadecimal encodings for displaying the digits 0 to F
   31 002F 3F                   DB 3FH                  ; 0
   32 0030 06                   DB 06H                  ; 1
   33 0031 5B                   DB 5BH                  ; 2
   34 0032 4F                   DB 4FH                  ; 3
   35 0033 66                   DB 66H                  ; 4
   36 0034 6D                   DB 6DH                  ; 5
   37 0035 7D                   DB 7DH                  ; 6
   38 0036 07                   DB 07H                  ; 7
   39 0037 FF                   DB 0FFH                 ; 8
   40 0038 6F                   DB 6FH                  ; 9
   41 0039 77                   DB 77H                  ; A
   42 003A 7C                   DB 7CH                  ; B
   43 003B 39                   DB 39H                  ; C
   44 003C 5E                   DB 5EH                  ; D
   45 003D 79                   DB 79H                  ; E
   46 003E 71                   DB 71H                  ; F
   47 003F 00                   DB 00H                  ; NaN
   48 0040              
   49 0040              END

Defined Symbols:

Defined Labels:
  HERE                                      000011  17
  LOOK_UP                                   00002F  47
  LOOP                                      000014  20
  NUM                                       000026  38
  TRANS                                     00001E  30
  WAIT                                      000020  32
