8051 Assembler           Version 1.00   06/08/121 04:50:57    Page 1
C:\Users\228al\Documents\GitHub\ComputerArchitecture\LAB8\Question3\Q3V2.A51



    1 0000 758920       MOV TMOD,#20H                   ;TIMER 1 MODE 2
    2 0003 758DFD       MOV TH1,#-3                     ;9600 BAUD
    3 0006 759840       MOV SCON,#40H                   ;REN enable, MODE 1
    4 0009 D28E         SETB TR1                        ;start timer1
    5 000B              
    6 000B              
    7 000B              HERE:
    8 000B 900020               MOV DPTR, #NUM
    9 000E              LOOP:
   10 000E E4                   CLR A
   11 000F 93                   MOVC A, @A+DPTR
   12 0010 60F9                 JZ HERE
   13 0012 1118                 ACALL TRANS
   14 0014 A3                   INC DPTR
   15 0015 02000E               JMP LOOP
   16 0018              
   17 0018              TRANS:
   18 0018 F599                 MOV SBUF, A
   19 001A              WAIT: 
   20 001A 3099FD               JNB TI,WAIT
   21 001D C299                 CLR TI
   22 001F 22                   RET
   23 0020              
   24 0020 31 35 2C     NUM:    DB '15, 68, ',0
      0023 20 36 38
      0026 2C 20 00
   25 0029              
   26 0029              LOOK_UP:                        ; hexadecimal encodings for displaying the digits 0 to F
   27 0029 3F                   DB 3FH                  ; 0
   28 002A 06                   DB 06H                  ; 1
   29 002B 5B                   DB 5BH                  ; 2
   30 002C 4F                   DB 4FH                  ; 3
   31 002D 66                   DB 66H                  ; 4
   32 002E 6D                   DB 6DH                  ; 5
   33 002F 7D                   DB 7DH                  ; 6
   34 0030 07                   DB 07H                  ; 7
   35 0031 FF                   DB 0FFH                 ; 8
   36 0032 6F                   DB 6FH                  ; 9
   37 0033 77                   DB 77H                  ; A
   38 0034 7C                   DB 7CH                  ; B
   39 0035 39                   DB 39H                  ; C
   40 0036 5E                   DB 5EH                  ; D
   41 0037 79                   DB 79H                  ; E
   42 0038 71                   DB 71H                  ; F
   43 0039 00                   DB 00H                  ; NaN
   44 003A              
   45 003A              END

Defined Symbols:

Defined Labels:
  HERE                                      00000B  11
  LOOK_UP                                   000029  41
  LOOP                                      00000E  14
  NUM                                       000020  32
  TRANS                                     000018  24
  WAIT                                      00001A  26
